<?xml version="1.0" encoding="UTF-8"?>
<!-- Generated by org.testng.reporters.JUnitXMLReporter -->
<testsuite ignored="0" hostname="MSI" failures="0" tests="6" name="UI Tests" time="20.928" errors="0" timestamp="2025-12-06T13:13:51 IST">
  <testcase classname="tests.LoginTest" name="loginTest" time="1.132"/>
  <testcase classname="tests.LoginTest" name="loginTest" time="0.977"/>
  <testcase classname="tests.LoginTest" name="loginWithExcel" time="0.984"/>
  <testcase classname="tests.LoginTest" name="loginWithExcel" time="0.975"/>
  <testcase classname="api.ApiTests" name="createUserTest" time="3.691"/>
  <testcase classname="api.ApiTests" name="getUsersTest" time="0.578"/>
</testsuite> <!-- UI Tests -->
