<?xml version="1.0" encoding="UTF-8"?>
<!-- Generated by org.testng.reporters.JUnitXMLReporter -->
<testsuite ignored="0" hostname="MSI" failures="0" tests="8" name="UI Tests" time="19.676" errors="0" timestamp="2025-12-06T16:06:49 IST">
  <testcase classname="tests.LoginTest" name="loginTest" time="1.116"/>
  <testcase classname="tests.LoginTest" name="loginTest" time="0.969"/>
  <testcase classname="tests.LoginTest" name="loginWithExcel" time="1.067"/>
  <testcase classname="tests.LoginTest" name="loginWithExcel" time="0.926"/>
  <testcase classname="api.ApiTests" name="createUserTest" time="3.009"/>
  <testcase classname="api.ApiTests" name="getUsersTest" time="0.507"/>
  <testcase classname="tests.DBTest" name="verifyAliceExists" time="0.004"/>
  <testcase classname="tests.DBTest" name="verifyUserCount" time="0.005"/>
</testsuite> <!-- UI Tests -->
