<?xml version="1.0" encoding="UTF-8"?>
<testng-results ignored="0" total="6" passed="6" failed="0" skipped="0">
  <reporter-output>
  </reporter-output>
  <suite started-at="2025-12-06T13:13:29 IST" name="Main Suite" finished-at="2025-12-06T13:13:50 IST" duration-ms="20928">
    <groups>
    </groups>
    <test started-at="2025-12-06T13:13:29 IST" name="UI Tests" finished-at="2025-12-06T13:13:50 IST" duration-ms="20928">
      <class name="api.ApiTests">
        <test-method signature="createUserTest()[pri:0, instance:api.ApiTests@313ac989]" started-at="2025-12-06T13:13:46 IST" name="createUserTest" finished-at="2025-12-06T13:13:49 IST" duration-ms="3691" status="PASS">
          <reporter-output>
          </reporter-output>
        </test-method> <!-- createUserTest -->
        <test-method signature="getUsersTest()[pri:0, instance:api.ApiTests@313ac989]" started-at="2025-12-06T13:13:49 IST" name="getUsersTest" finished-at="2025-12-06T13:13:50 IST" duration-ms="578" status="PASS">
          <reporter-output>
          </reporter-output>
        </test-method> <!-- getUsersTest -->
      </class> <!-- api.ApiTests -->
      <class name="tests.LoginTest">
        <test-method is-config="true" signature="setup()[pri:0, instance:tests.LoginTest@399f45b1]" started-at="2025-12-06T13:13:30 IST" name="setup" finished-at="2025-12-06T13:13:34 IST" duration-ms="4466" status="PASS">
          <reporter-output>
          </reporter-output>
        </test-method> <!-- setup -->
        <test-method signature="loginTest(java.lang.String,java.lang.String)[pri:0, instance:tests.LoginTest@399f45b1]" started-at="2025-12-06T13:13:34 IST" name="loginTest" data-provider="loginData" finished-at="2025-12-06T13:13:36 IST" duration-ms="1132" status="PASS">
          <params>
            <param index="0">
              <value>
                <![CDATA[standard_user]]>
              </value>
            </param>
            <param index="1">
              <value>
                <![CDATA[secret_sauce]]>
              </value>
            </param>
          </params>
          <reporter-output>
          </reporter-output>
        </test-method> <!-- loginTest -->
        <test-method is-config="true" signature="teardown()[pri:0, instance:tests.LoginTest@399f45b1]" started-at="2025-12-06T13:13:36 IST" name="teardown" finished-at="2025-12-06T13:13:36 IST" duration-ms="834" status="PASS">
          <reporter-output>
          </reporter-output>
        </test-method> <!-- teardown -->
        <test-method is-config="true" signature="setup()[pri:0, instance:tests.LoginTest@399f45b1]" started-at="2025-12-06T13:13:36 IST" name="setup" finished-at="2025-12-06T13:13:38 IST" duration-ms="1104" status="PASS">
          <reporter-output>
          </reporter-output>
        </test-method> <!-- setup -->
        <test-method signature="loginTest(java.lang.String,java.lang.String)[pri:0, instance:tests.LoginTest@399f45b1]" started-at="2025-12-06T13:13:38 IST" name="loginTest" data-provider="loginData" finished-at="2025-12-06T13:13:39 IST" duration-ms="977" status="PASS">
          <params>
            <param index="0">
              <value>
                <![CDATA[locked_out_user]]>
              </value>
            </param>
            <param index="1">
              <value>
                <![CDATA[secret_sauce]]>
              </value>
            </param>
          </params>
          <reporter-output>
          </reporter-output>
        </test-method> <!-- loginTest -->
        <test-method is-config="true" signature="teardown()[pri:0, instance:tests.LoginTest@399f45b1]" started-at="2025-12-06T13:13:39 IST" name="teardown" finished-at="2025-12-06T13:13:39 IST" duration-ms="846" status="PASS">
          <reporter-output>
          </reporter-output>
        </test-method> <!-- teardown -->
        <test-method is-config="true" signature="setup()[pri:0, instance:tests.LoginTest@399f45b1]" started-at="2025-12-06T13:13:41 IST" name="setup" finished-at="2025-12-06T13:13:42 IST" duration-ms="1090" status="PASS">
          <reporter-output>
          </reporter-output>
        </test-method> <!-- setup -->
        <test-method signature="loginWithExcel(java.lang.String,java.lang.String)[pri:0, instance:tests.LoginTest@399f45b1]" started-at="2025-12-06T13:13:42 IST" name="loginWithExcel" data-provider="excelLogin" finished-at="2025-12-06T13:13:43 IST" duration-ms="984" status="PASS">
          <params>
            <param index="0">
              <value>
                <![CDATA[standard_user]]>
              </value>
            </param>
            <param index="1">
              <value>
                <![CDATA[secret_sauce]]>
              </value>
            </param>
          </params>
          <reporter-output>
          </reporter-output>
        </test-method> <!-- loginWithExcel -->
        <test-method is-config="true" signature="teardown()[pri:0, instance:tests.LoginTest@399f45b1]" started-at="2025-12-06T13:13:43 IST" name="teardown" finished-at="2025-12-06T13:13:43 IST" duration-ms="273" status="PASS">
          <reporter-output>
          </reporter-output>
        </test-method> <!-- teardown -->
        <test-method is-config="true" signature="setup()[pri:0, instance:tests.LoginTest@399f45b1]" started-at="2025-12-06T13:13:43 IST" name="setup" finished-at="2025-12-06T13:13:44 IST" duration-ms="1004" status="PASS">
          <reporter-output>
          </reporter-output>
        </test-method> <!-- setup -->
        <test-method signature="loginWithExcel(java.lang.String,java.lang.String)[pri:0, instance:tests.LoginTest@399f45b1]" started-at="2025-12-06T13:13:44 IST" name="loginWithExcel" data-provider="excelLogin" finished-at="2025-12-06T13:13:45 IST" duration-ms="975" status="PASS">
          <params>
            <param index="0">
              <value>
                <![CDATA[locked_out_user]]>
              </value>
            </param>
            <param index="1">
              <value>
                <![CDATA[secret_sauce]]>
              </value>
            </param>
          </params>
          <reporter-output>
          </reporter-output>
        </test-method> <!-- loginWithExcel -->
        <test-method is-config="true" signature="teardown()[pri:0, instance:tests.LoginTest@399f45b1]" started-at="2025-12-06T13:13:45 IST" name="teardown" finished-at="2025-12-06T13:13:46 IST" duration-ms="837" status="PASS">
          <reporter-output>
          </reporter-output>
        </test-method> <!-- teardown -->
      </class> <!-- tests.LoginTest -->
    </test> <!-- UI Tests -->
  </suite> <!-- Main Suite -->
</testng-results>
