<?xml version="1.0" encoding="UTF-8"?>
<testng-results ignored="0" total="8" passed="8" failed="0" skipped="0">
  <reporter-output>
  </reporter-output>
  <suite started-at="2025-12-06T16:06:29 IST" name="Main Suite" finished-at="2025-12-06T16:06:49 IST" duration-ms="19676">
    <groups>
      <group name="regression">
        <method signature="ApiTests.createUserTest()[pri:0, instance:api.ApiTests@3e92efc3]" name="createUserTest" class="api.ApiTests"/>
        <method signature="DBTest.verifyAliceExists()[pri:0, instance:tests.DBTest@1622f1b]" name="verifyAliceExists" class="tests.DBTest"/>
        <method signature="DBTest.verifyUserCount()[pri:0, instance:tests.DBTest@1622f1b]" name="verifyUserCount" class="tests.DBTest"/>
        <method signature="LoginTest.loginTest(java.lang.String,java.lang.String)[pri:0, instance:tests.LoginTest@65466a6a]" name="loginTest" class="tests.LoginTest"/>
      </group> <!-- regression -->
      <group name="smoke">
        <method signature="ApiTests.getUsersTest()[pri:0, instance:api.ApiTests@3e92efc3]" name="getUsersTest" class="api.ApiTests"/>
        <method signature="LoginTest.loginTest(java.lang.String,java.lang.String)[pri:0, instance:tests.LoginTest@65466a6a]" name="loginTest" class="tests.LoginTest"/>
      </group> <!-- smoke -->
      <group name="api">
        <method signature="ApiTests.createUserTest()[pri:0, instance:api.ApiTests@3e92efc3]" name="createUserTest" class="api.ApiTests"/>
        <method signature="ApiTests.getUsersTest()[pri:0, instance:api.ApiTests@3e92efc3]" name="getUsersTest" class="api.ApiTests"/>
      </group> <!-- api -->
      <group name="db">
        <method signature="DBTest.verifyAliceExists()[pri:0, instance:tests.DBTest@1622f1b]" name="verifyAliceExists" class="tests.DBTest"/>
        <method signature="DBTest.verifyUserCount()[pri:0, instance:tests.DBTest@1622f1b]" name="verifyUserCount" class="tests.DBTest"/>
      </group> <!-- db -->
    </groups>
    <test started-at="2025-12-06T16:06:29 IST" name="UI Tests" finished-at="2025-12-06T16:06:49 IST" duration-ms="19676">
      <class name="api.ApiTests">
        <test-method signature="createUserTest()[pri:0, instance:api.ApiTests@3e92efc3]" started-at="2025-12-06T16:06:45 IST" name="createUserTest" finished-at="2025-12-06T16:06:48 IST" duration-ms="3009" status="PASS">
          <reporter-output>
          </reporter-output>
        </test-method> <!-- createUserTest -->
        <test-method signature="getUsersTest()[pri:0, instance:api.ApiTests@3e92efc3]" started-at="2025-12-06T16:06:48 IST" name="getUsersTest" finished-at="2025-12-06T16:06:48 IST" duration-ms="507" status="PASS">
          <reporter-output>
          </reporter-output>
        </test-method> <!-- getUsersTest -->
      </class> <!-- api.ApiTests -->
      <class name="tests.LoginTest">
        <test-method is-config="true" signature="setup()[pri:0, instance:tests.LoginTest@65466a6a]" started-at="2025-12-06T16:06:30 IST" name="setup" finished-at="2025-12-06T16:06:32 IST" duration-ms="2688" status="PASS">
          <reporter-output>
          </reporter-output>
        </test-method> <!-- setup -->
        <test-method signature="loginTest(java.lang.String,java.lang.String)[pri:0, instance:tests.LoginTest@65466a6a]" started-at="2025-12-06T16:06:32 IST" name="loginTest" data-provider="loginData" finished-at="2025-12-06T16:06:34 IST" duration-ms="1116" status="PASS">
          <params>
            <param index="0">
              <value>
                <![CDATA[standard_user]]>
              </value>
            </param>
            <param index="1">
              <value>
                <![CDATA[secret_sauce]]>
              </value>
            </param>
          </params>
          <reporter-output>
          </reporter-output>
        </test-method> <!-- loginTest -->
        <test-method is-config="true" signature="teardown()[pri:0, instance:tests.LoginTest@65466a6a]" started-at="2025-12-06T16:06:34 IST" name="teardown" finished-at="2025-12-06T16:06:34 IST" duration-ms="836" status="PASS">
          <reporter-output>
          </reporter-output>
        </test-method> <!-- teardown -->
        <test-method is-config="true" signature="setup()[pri:0, instance:tests.LoginTest@65466a6a]" started-at="2025-12-06T16:06:34 IST" name="setup" finished-at="2025-12-06T16:06:36 IST" duration-ms="1710" status="PASS">
          <reporter-output>
          </reporter-output>
        </test-method> <!-- setup -->
        <test-method signature="loginTest(java.lang.String,java.lang.String)[pri:0, instance:tests.LoginTest@65466a6a]" started-at="2025-12-06T16:06:36 IST" name="loginTest" data-provider="loginData" finished-at="2025-12-06T16:06:37 IST" duration-ms="969" status="PASS">
          <params>
            <param index="0">
              <value>
                <![CDATA[locked_out_user]]>
              </value>
            </param>
            <param index="1">
              <value>
                <![CDATA[secret_sauce]]>
              </value>
            </param>
          </params>
          <reporter-output>
          </reporter-output>
        </test-method> <!-- loginTest -->
        <test-method is-config="true" signature="teardown()[pri:0, instance:tests.LoginTest@65466a6a]" started-at="2025-12-06T16:06:37 IST" name="teardown" finished-at="2025-12-06T16:06:37 IST" duration-ms="266" status="PASS">
          <reporter-output>
          </reporter-output>
        </test-method> <!-- teardown -->
        <test-method is-config="true" signature="setup()[pri:0, instance:tests.LoginTest@65466a6a]" started-at="2025-12-06T16:06:38 IST" name="setup" finished-at="2025-12-06T16:06:40 IST" duration-ms="1721" status="PASS">
          <reporter-output>
          </reporter-output>
        </test-method> <!-- setup -->
        <test-method signature="loginWithExcel(java.lang.String,java.lang.String)[pri:0, instance:tests.LoginTest@65466a6a]" started-at="2025-12-06T16:06:40 IST" name="loginWithExcel" data-provider="excelLogin" finished-at="2025-12-06T16:06:41 IST" duration-ms="1067" status="PASS">
          <params>
            <param index="0">
              <value>
                <![CDATA[standard_user]]>
              </value>
            </param>
            <param index="1">
              <value>
                <![CDATA[secret_sauce]]>
              </value>
            </param>
          </params>
          <reporter-output>
          </reporter-output>
        </test-method> <!-- loginWithExcel -->
        <test-method is-config="true" signature="teardown()[pri:0, instance:tests.LoginTest@65466a6a]" started-at="2025-12-06T16:06:41 IST" name="teardown" finished-at="2025-12-06T16:06:41 IST" duration-ms="258" status="PASS">
          <reporter-output>
          </reporter-output>
        </test-method> <!-- teardown -->
        <test-method is-config="true" signature="setup()[pri:0, instance:tests.LoginTest@65466a6a]" started-at="2025-12-06T16:06:41 IST" name="setup" finished-at="2025-12-06T16:06:43 IST" duration-ms="1717" status="PASS">
          <reporter-output>
          </reporter-output>
        </test-method> <!-- setup -->
        <test-method signature="loginWithExcel(java.lang.String,java.lang.String)[pri:0, instance:tests.LoginTest@65466a6a]" started-at="2025-12-06T16:06:43 IST" name="loginWithExcel" data-provider="excelLogin" finished-at="2025-12-06T16:06:44 IST" duration-ms="926" status="PASS">
          <params>
            <param index="0">
              <value>
                <![CDATA[locked_out_user]]>
              </value>
            </param>
            <param index="1">
              <value>
                <![CDATA[secret_sauce]]>
              </value>
            </param>
          </params>
          <reporter-output>
          </reporter-output>
        </test-method> <!-- loginWithExcel -->
        <test-method is-config="true" signature="teardown()[pri:0, instance:tests.LoginTest@65466a6a]" started-at="2025-12-06T16:06:44 IST" name="teardown" finished-at="2025-12-06T16:06:45 IST" duration-ms="834" status="PASS">
          <reporter-output>
          </reporter-output>
        </test-method> <!-- teardown -->
      </class> <!-- tests.LoginTest -->
      <class name="tests.DBTest">
        <test-method is-config="true" signature="setupDB()[pri:0, instance:tests.DBTest@1622f1b]" started-at="2025-12-06T16:06:48 IST" name="setupDB" finished-at="2025-12-06T16:06:49 IST" duration-ms="221" status="PASS">
          <reporter-output>
          </reporter-output>
        </test-method> <!-- setupDB -->
        <test-method signature="verifyAliceExists()[pri:0, instance:tests.DBTest@1622f1b]" started-at="2025-12-06T16:06:49 IST" name="verifyAliceExists" finished-at="2025-12-06T16:06:49 IST" duration-ms="4" status="PASS">
          <reporter-output>
          </reporter-output>
        </test-method> <!-- verifyAliceExists -->
        <test-method signature="verifyUserCount()[pri:0, instance:tests.DBTest@1622f1b]" started-at="2025-12-06T16:06:49 IST" name="verifyUserCount" finished-at="2025-12-06T16:06:49 IST" duration-ms="5" status="PASS">
          <reporter-output>
          </reporter-output>
        </test-method> <!-- verifyUserCount -->
      </class> <!-- tests.DBTest -->
    </test> <!-- UI Tests -->
  </suite> <!-- Main Suite -->
</testng-results>
