<?xml version="1.0" encoding="UTF-8"?>
<!-- Generated by org.testng.reporters.JUnitReportReporter -->
<testsuite hostname="MSI" failures="0" tests="4" name="tests.LoginTest" time="14.108" errors="0" timestamp="2025-12-06T16:06:49 IST" skipped="0">
  <testcase classname="tests.LoginTest" name="loginTest" time="3.515"/>
  <testcase classname="tests.LoginTest" name="loginWithExcel" time="3.618"/>
  <testcase classname="tests.LoginTest" name="loginWithExcel" time="3.880"/>
  <testcase classname="tests.LoginTest" name="loginTest" time="3.095"/>
</testsuite> <!-- tests.LoginTest -->
