<?xml version="1.0" encoding="UTF-8"?>
<!-- Generated by org.testng.reporters.JUnitReportReporter -->
<testsuite hostname="MSI" failures="0" tests="4" name="tests.LoginTest" time="14.522" errors="0" timestamp="2025-12-06T13:13:51 IST" skipped="0">
  <testcase classname="tests.LoginTest" name="loginTest" time="2.915"/>
  <testcase classname="tests.LoginTest" name="loginWithExcel" time="2.911"/>
  <testcase classname="tests.LoginTest" name="loginWithExcel" time="5.723"/>
  <testcase classname="tests.LoginTest" name="loginTest" time="2.973"/>
</testsuite> <!-- tests.LoginTest -->
